allexport      	off
braceexpand    	on
emacs          	off
errexit        	on
errtrace       	off
functrace      	off
hashall        	on
histexpand     	off
history        	off
ignoreeof      	off
interactive-comments	on
keyword        	off
monitor        	off
noclobber      	off
noexec         	off
noglob         	off
nolog          	off
notify         	off
nounset        	on
onecmd         	off
physical       	off
pipefail       	off
posix          	off
privileged     	off
verbose        	off
vi             	off
xtrace         	off
Round: 1 Pi: 3.072000 
Round: 2 Pi: 3.096000 
Round: 3 Pi: 3.097333 
Round: 4 Pi: 3.121000 
Round: 5 Pi: 3.125600 
Round: 6 Pi: 3.122667 
Round: 7 Pi: 3.124571 
Round: 8 Pi: 3.118000 
Round: 9 Pi: 3.121778 
Round: 10 Pi: 3.122000 
Round: 11 Pi: 3.126182 
Round: 12 Pi: 3.130000 
Round: 13 Pi: 3.128923 
Round: 14 Pi: 3.123143 
Round: 15 Pi: 3.125867 
Round: 16 Pi: 3.120000 
Round: 17 Pi: 3.116471 
Round: 18 Pi: 3.119333 
Round: 19 Pi: 3.123158 
Round: 20 Pi: 3.120800 
Round: 21 Pi: 3.122857 
Round: 22 Pi: 3.125455 
Round: 23 Pi: 3.125913 
Round: 24 Pi: 3.124000 
Round: 25 Pi: 3.124320 
Round: 26 Pi: 3.126923 
Round: 27 Pi: 3.125926 
Round: 28 Pi: 3.126714 
Round: 29 Pi: 3.128276 
Round: 30 Pi: 3.131200 
Round: 31 Pi: 3.128774 
Round: 32 Pi: 3.130750 
Round: 33 Pi: 3.129333 
Round: 34 Pi: 3.130235 
Round: 35 Pi: 3.128686 
Round: 36 Pi: 3.130556 
Round: 37 Pi: 3.129514 
Round: 38 Pi: 3.128526 
Round: 39 Pi: 3.130051 
Round: 40 Pi: 3.129500 
Round: 41 Pi: 3.130537 
Round: 42 Pi: 3.130857 
Round: 43 Pi: 3.132744 
Round: 44 Pi: 3.133909 
Round: 45 Pi: 3.133955 
Round: 46 Pi: 3.135652 
Round: 47 Pi: 3.136170 
Round: 48 Pi: 3.135833 
Round: 49 Pi: 3.136163 
Round: 50 Pi: 3.134960 
Round: 51 Pi: 3.136078 
Round: 52 Pi: 3.136077 
Round: 53 Pi: 3.136604 
Round: 54 Pi: 3.137259 
Round: 55 Pi: 3.136145 
Round: 56 Pi: 3.136143 
Round: 57 Pi: 3.136421 
Round: 58 Pi: 3.136138 
Round: 59 Pi: 3.136203 
Round: 60 Pi: 3.136733 
Round: 61 Pi: 3.137639 
Round: 62 Pi: 3.137806 
Round: 63 Pi: 3.137333 
Round: 64 Pi: 3.136938 
Round: 65 Pi: 3.137169 
Round: 66 Pi: 3.136970 
Round: 67 Pi: 3.138090 
Round: 68 Pi: 3.138588 
Round: 69 Pi: 3.139246 
Round: 70 Pi: 3.138457 
Round: 71 Pi: 3.138535 
Round: 72 Pi: 3.137278 
Round: 73 Pi: 3.137425 
Round: 74 Pi: 3.138378 
Round: 75 Pi: 3.138080 
Round: 76 Pi: 3.137526 
Round: 77 Pi: 3.137662 
Round: 78 Pi: 3.137487 
Round: 79 Pi: 3.136861 
Round: 80 Pi: 3.136900 
Round: 81 Pi: 3.135457 
Round: 82 Pi: 3.135268 
Round: 83 Pi: 3.135374 
Round: 84 Pi: 3.135952 
Round: 85 Pi: 3.135294 
Round: 86 Pi: 3.135302 
Round: 87 Pi: 3.136184 
Round: 88 Pi: 3.135455 
Round: 89 Pi: 3.136584 
Round: 90 Pi: 3.136711 
Round: 91 Pi: 3.136791 
Round: 92 Pi: 3.136913 
Round: 93 Pi: 3.136602 
Round: 94 Pi: 3.136425 
Round: 95 Pi: 3.136295 
Round: 96 Pi: 3.136417 
Round: 97 Pi: 3.136866 
Round: 98 Pi: 3.137429 
Round: 99 Pi: 3.138263 
Round: 100 Pi: 3.138080 
Round: 101 Pi: 3.138258 
Round: 102 Pi: 3.137647 
Round: 103 Pi: 3.138058 
Round: 104 Pi: 3.138346 
Round: 105 Pi: 3.138895 
Round: 106 Pi: 3.138943 
Round: 107 Pi: 3.139140 
Round: 108 Pi: 3.138778 
Round: 109 Pi: 3.138275 
Round: 110 Pi: 3.138509 
Round: 111 Pi: 3.138811 
Round: 112 Pi: 3.139714 
Round: 113 Pi: 3.140283 
Round: 114 Pi: 3.140035 
Round: 115 Pi: 3.139513 
Round: 116 Pi: 3.138621 
Round: 117 Pi: 3.139145 
Round: 118 Pi: 3.138915 
Round: 119 Pi: 3.139261 
Round: 120 Pi: 3.140200 
Round: 121 Pi: 3.140265 
Round: 122 Pi: 3.140426 
Round: 123 Pi: 3.140423 
Round: 124 Pi: 3.140710 
Round: 125 Pi: 3.141024 
Round: 126 Pi: 3.141556 
Round: 127 Pi: 3.141480 
Round: 128 Pi: 3.141687 
Round: 129 Pi: 3.141829 
Round: 130 Pi: 3.141015 
Round: 131 Pi: 3.140641 
Round: 132 Pi: 3.140273 
Round: 133 Pi: 3.140030 
Round: 134 Pi: 3.139761 
Round: 135 Pi: 3.139881 
Round: 136 Pi: 3.140471 
Round: 137 Pi: 3.140263 
Round: 138 Pi: 3.139971 
Round: 139 Pi: 3.140403 
Round: 140 Pi: 3.140028 
Round: 141 Pi: 3.140227 
Round: 142 Pi: 3.140197 
Round: 143 Pi: 3.140559 
Round: 144 Pi: 3.140445 
Round: 145 Pi: 3.140193 
Round: 146 Pi: 3.140247 
Round: 147 Pi: 3.140109 
Round: 148 Pi: 3.140676 
Round: 149 Pi: 3.141396 
Round: 150 Pi: 3.141280 
Round: 151 Pi: 3.141033 
Round: 152 Pi: 3.140974 
Round: 153 Pi: 3.141595 
Round: 154 Pi: 3.141766 
Round: 155 Pi: 3.141574 
Round: 156 Pi: 3.141333 
Round: 157 Pi: 3.140688 
Round: 158 Pi: 3.141114 
Round: 159 Pi: 3.141082 
Round: 160 Pi: 3.140675 
Round: 161 Pi: 3.140596 
Round: 162 Pi: 3.140173 
Round: 163 Pi: 3.140319 
Round: 164 Pi: 3.140585 
Round: 165 Pi: 3.140630 
Round: 166 Pi: 3.140747 
Round: 167 Pi: 3.140168 
Round: 168 Pi: 3.140500 
Round: 169 Pi: 3.141183 
Round: 170 Pi: 3.141106 
Round: 171 Pi: 3.141029 
Round: 172 Pi: 3.140814 
Round: 173 Pi: 3.140763 
Round: 174 Pi: 3.140851 
Round: 175 Pi: 3.141120 
Round: 176 Pi: 3.141364 
Round: 177 Pi: 3.142147 
Round: 178 Pi: 3.141865 
Round: 179 Pi: 3.141743 
Round: 180 Pi: 3.141222 
Round: 181 Pi: 3.141503 
Round: 182 Pi: 3.141758 
Round: 183 Pi: 3.141945 
Round: 184 Pi: 3.141717 
Round: 185 Pi: 3.141838 
Round: 186 Pi: 3.141570 
Round: 187 Pi: 3.141690 
Round: 188 Pi: 3.141383 
Round: 189 Pi: 3.141545 
Round: 190 Pi: 3.141537 
Round: 191 Pi: 3.141382 
Round: 192 Pi: 3.141229 
Round: 193 Pi: 3.141243 
Round: 194 Pi: 3.141072 
Round: 195 Pi: 3.140923 
Round: 196 Pi: 3.140796 
Round: 197 Pi: 3.140751 
Round: 198 Pi: 3.141111 
Round: 199 Pi: 3.141126 
Round: 200 Pi: 3.141200 
Round: 201 Pi: 3.141333 
Round: 202 Pi: 3.141545 
Round: 203 Pi: 3.141537 
Round: 204 Pi: 3.141412 
Round: 205 Pi: 3.141444 
Round: 206 Pi: 3.141456 
Round: 207 Pi: 3.141565 
Round: 208 Pi: 3.141615 
Round: 209 Pi: 3.141684 
Round: 210 Pi: 3.141181 
Round: 211 Pi: 3.141555 
Round: 212 Pi: 3.141623 
Round: 213 Pi: 3.141408 
Round: 214 Pi: 3.141477 
Round: 215 Pi: 3.141823 
Round: 216 Pi: 3.142056 
Round: 217 Pi: 3.142323 
Round: 218 Pi: 3.142000 
Round: 219 Pi: 3.141954 
Round: 220 Pi: 3.141800 
Round: 221 Pi: 3.142172 
Round: 222 Pi: 3.142162 
Round: 223 Pi: 3.142206 
Round: 224 Pi: 3.142250 
Round: 225 Pi: 3.141902 
Round: 226 Pi: 3.141611 
Round: 227 Pi: 3.141938 
Round: 228 Pi: 3.142175 
Round: 229 Pi: 3.142375 
Round: 230 Pi: 3.142417 
Round: 231 Pi: 3.142632 
Round: 232 Pi: 3.142517 
Round: 233 Pi: 3.142781 
Round: 234 Pi: 3.142718 
Round: 235 Pi: 3.142655 
Round: 236 Pi: 3.143085 
Round: 237 Pi: 3.142751 
Round: 238 Pi: 3.142857 
Round: 239 Pi: 3.143180 
Round: 240 Pi: 3.142933 
Round: 241 Pi: 3.142407 
Round: 242 Pi: 3.142231 
Round: 243 Pi: 3.142519 
Round: 244 Pi: 3.142443 
Round: 245 Pi: 3.142465 
Round: 246 Pi: 3.142488 
Round: 247 Pi: 3.142494 
Round: 248 Pi: 3.142484 
Round: 249 Pi: 3.142522 
Round: 250 Pi: 3.142224 
Round: 251 Pi: 3.142088 
Round: 252 Pi: 3.142254 
Round: 253 Pi: 3.142055 
Round: 254 Pi: 3.142268 
Round: 255 Pi: 3.142337 
Round: 256 Pi: 3.142391 
Round: 257 Pi: 3.142428 
Round: 258 Pi: 3.142481 
Round: 259 Pi: 3.142610 
Round: 260 Pi: 3.142923 
Round: 261 Pi: 3.142881 
Round: 262 Pi: 3.142611 
Round: 263 Pi: 3.142297 
Round: 264 Pi: 3.142152 
Round: 265 Pi: 3.142294 
Round: 266 Pi: 3.141940 
Round: 267 Pi: 3.141678 
Round: 268 Pi: 3.141358 
Round: 269 Pi: 3.141190 
Round: 270 Pi: 3.141230 
Round: 271 Pi: 3.140974 
Round: 272 Pi: 3.140868 
Round: 273 Pi: 3.140645 
Round: 274 Pi: 3.140803 
Round: 275 Pi: 3.140945 
Round: 276 Pi: 3.140870 
Round: 277 Pi: 3.140924 
Round: 278 Pi: 3.140892 
Round: 279 Pi: 3.140889 
Round: 280 Pi: 3.140700 
Round: 281 Pi: 3.140982 
Round: 282 Pi: 3.141163 
Round: 283 Pi: 3.141512 
Round: 284 Pi: 3.141620 
Round: 285 Pi: 3.141516 
Round: 286 Pi: 3.141412 
Round: 287 Pi: 3.141519 
Round: 288 Pi: 3.141278 
Round: 289 Pi: 3.141550 
Round: 290 Pi: 3.141862 
Round: 291 Pi: 3.141718 
Round: 292 Pi: 3.141342 
Round: 293 Pi: 3.141734 
Round: 294 Pi: 3.141742 
Round: 295 Pi: 3.141736 
Round: 296 Pi: 3.141473 
Round: 297 Pi: 3.141643 
Round: 298 Pi: 3.141436 
Round: 299 Pi: 3.141164 
Round: 300 Pi: 3.141093 
Round: 301 Pi: 3.141010 
Round: 302 Pi: 3.140954 
Round: 303 Pi: 3.140766 
Round: 304 Pi: 3.140816 
Round: 305 Pi: 3.140774 
Round: 306 Pi: 3.141072 
Round: 307 Pi: 3.141277 
Round: 308 Pi: 3.141299 
Round: 309 Pi: 3.141217 
Round: 310 Pi: 3.141342 
Round: 311 Pi: 3.141132 
Round: 312 Pi: 3.140962 
Round: 313 Pi: 3.140907 
Round: 314 Pi: 3.140892 
Round: 315 Pi: 3.141079 
Round: 316 Pi: 3.141190 
Round: 317 Pi: 3.140972 
Round: 318 Pi: 3.141107 
Round: 319 Pi: 3.141154 
Round: 320 Pi: 3.141450 
Round: 321 Pi: 3.141570 
Round: 322 Pi: 3.141727 
Round: 323 Pi: 3.141746 
Round: 324 Pi: 3.142074 
Round: 325 Pi: 3.142215 
Round: 326 Pi: 3.142491 
Round: 327 Pi: 3.142361 
Round: 328 Pi: 3.142537 
Round: 329 Pi: 3.142310 
Round: 330 Pi: 3.142436 
Round: 331 Pi: 3.142707 
Round: 332 Pi: 3.142783 
Round: 333 Pi: 3.142907 
Round: 334 Pi: 3.142683 
Round: 335 Pi: 3.142794 
Round: 336 Pi: 3.142774 
Round: 337 Pi: 3.142825 
Round: 338 Pi: 3.142935 
Round: 339 Pi: 3.142867 
Round: 340 Pi: 3.142718 
Round: 341 Pi: 3.142581 
Round: 342 Pi: 3.142655 
Round: 343 Pi: 3.142764 
Round: 344 Pi: 3.142686 
Round: 345 Pi: 3.142991 
Round: 346 Pi: 3.143399 
Round: 347 Pi: 3.143308 
Round: 348 Pi: 3.143092 
Round: 349 Pi: 3.143198 
Round: 350 Pi: 3.143063 
Round: 351 Pi: 3.143043 
Round: 352 Pi: 3.143023 
Round: 353 Pi: 3.142674 
Round: 354 Pi: 3.142712 
Round: 355 Pi: 3.142648 
Round: 356 Pi: 3.142697 
Round: 357 Pi: 3.142431 
Round: 358 Pi: 3.142503 
Round: 359 Pi: 3.142663 
Round: 360 Pi: 3.142589 
Round: 361 Pi: 3.142404 
Round: 362 Pi: 3.142497 
Round: 363 Pi: 3.142567 
Round: 364 Pi: 3.142615 
Round: 365 Pi: 3.142641 
Round: 366 Pi: 3.142623 
Round: 367 Pi: 3.142496 
Round: 368 Pi: 3.142533 
Round: 369 Pi: 3.142461 
Round: 370 Pi: 3.142465 
Round: 371 Pi: 3.142372 
Round: 372 Pi: 3.142495 
Round: 373 Pi: 3.142509 
Round: 374 Pi: 3.142610 
Round: 375 Pi: 3.142699 
Round: 376 Pi: 3.142734 
Round: 377 Pi: 3.142748 
Round: 378 Pi: 3.142847 
Round: 379 Pi: 3.142850 
Round: 380 Pi: 3.142768 
Round: 381 Pi: 3.142709 
Round: 382 Pi: 3.142565 
Round: 383 Pi: 3.142611 
Round: 384 Pi: 3.142750 
Round: 385 Pi: 3.142784 
Round: 386 Pi: 3.142715 
Round: 387 Pi: 3.142708 
Round: 388 Pi: 3.142835 
Round: 389 Pi: 3.142879 
Round: 390 Pi: 3.142780 
Round: 391 Pi: 3.142998 
Round: 392 Pi: 3.142745 
Round: 393 Pi: 3.142738 
Round: 394 Pi: 3.142934 
Round: 395 Pi: 3.143200 
Round: 396 Pi: 3.143142 
Round: 397 Pi: 3.143083 
Round: 398 Pi: 3.142774 
Round: 399 Pi: 3.142727 
Round: 400 Pi: 3.142760 
Round: 401 Pi: 3.142683 
Round: 402 Pi: 3.142637 
Round: 403 Pi: 3.142759 
Round: 404 Pi: 3.142693 
Round: 405 Pi: 3.142558 
Round: 406 Pi: 3.142759 
Round: 407 Pi: 3.142732 
Round: 408 Pi: 3.142784 
Round: 409 Pi: 3.142797 
Round: 410 Pi: 3.142878 
Round: 411 Pi: 3.143124 
Round: 412 Pi: 3.143447 
Round: 413 Pi: 3.143642 
Round: 414 Pi: 3.143672 
Round: 415 Pi: 3.143875 
Round: 416 Pi: 3.143942 
Round: 417 Pi: 3.143952 
Round: 418 Pi: 3.144096 
Round: 419 Pi: 3.144057 
Round: 420 Pi: 3.144171 
Round: 421 Pi: 3.144190 
Round: 422 Pi: 3.144199 
Round: 423 Pi: 3.144501 
Round: 424 Pi: 3.144340 
Round: 425 Pi: 3.144282 
Round: 426 Pi: 3.144347 
Round: 427 Pi: 3.144506 
Round: 428 Pi: 3.144523 
Round: 429 Pi: 3.144457 
Round: 430 Pi: 3.144688 
Round: 431 Pi: 3.144677 
Round: 432 Pi: 3.144630 
Round: 433 Pi: 3.144388 
Round: 434 Pi: 3.144572 
Round: 435 Pi: 3.144487 
Round: 436 Pi: 3.144376 
Round: 437 Pi: 3.144467 
Round: 438 Pi: 3.144374 
Round: 439 Pi: 3.144374 
Round: 440 Pi: 3.144436 
Round: 441 Pi: 3.144336 
Round: 442 Pi: 3.144317 
Round: 443 Pi: 3.144334 
Round: 444 Pi: 3.144288 
Round: 445 Pi: 3.144459 
Round: 446 Pi: 3.144395 
Round: 447 Pi: 3.144385 
Round: 448 Pi: 3.144455 
Round: 449 Pi: 3.144543 
Round: 450 Pi: 3.144569 
Round: 451 Pi: 3.144497 
Round: 452 Pi: 3.144513 
Round: 453 Pi: 3.144468 
Round: 454 Pi: 3.144564 
Round: 455 Pi: 3.144545 
Round: 456 Pi: 3.144526 
Round: 457 Pi: 3.144499 
Round: 458 Pi: 3.144603 
Round: 459 Pi: 3.144706 
Round: 460 Pi: 3.144800 
Round: 461 Pi: 3.144781 
Round: 462 Pi: 3.144970 
Round: 463 Pi: 3.144873 
Round: 464 Pi: 3.144914 
Round: 465 Pi: 3.144895 
Round: 466 Pi: 3.145116 
Round: 467 Pi: 3.145165 
Round: 468 Pi: 3.145368 
Round: 469 Pi: 3.145245 
Round: 470 Pi: 3.145302 
Round: 471 Pi: 3.145291 
Round: 472 Pi: 3.145186 
Round: 473 Pi: 3.145099 
Round: 474 Pi: 3.145038 
Round: 475 Pi: 3.145027 
Round: 476 Pi: 3.145000 
Round: 477 Pi: 3.144914 
Round: 478 Pi: 3.145038 
Round: 479 Pi: 3.145094 
Round: 480 Pi: 3.145033 
Round: 481 Pi: 3.145048 
Round: 482 Pi: 3.145162 
Round: 483 Pi: 3.144994 
Round: 484 Pi: 3.144843 
Round: 485 Pi: 3.144594 
Round: 486 Pi: 3.144510 
Round: 487 Pi: 3.144403 
Round: 488 Pi: 3.144467 
Round: 489 Pi: 3.144442 
Round: 490 Pi: 3.144514 
Round: 491 Pi: 3.144570 
Round: 492 Pi: 3.144528 
Round: 493 Pi: 3.144527 
Round: 494 Pi: 3.144591 
Round: 495 Pi: 3.144671 
Round: 496 Pi: 3.144677 
Round: 497 Pi: 3.144596 
Round: 498 Pi: 3.144482 
Round: 499 Pi: 3.144609 
Round: 500 Pi: 3.144832 
Round: 501 Pi: 3.144767 
Round: 502 Pi: 3.144757 
Round: 503 Pi: 3.144740 
Round: 504 Pi: 3.144698 
Round: 505 Pi: 3.144610 
Round: 506 Pi: 3.144585 
Round: 507 Pi: 3.144592 
Round: 508 Pi: 3.144480 
Round: 509 Pi: 3.144495 
Round: 510 Pi: 3.144651 
Round: 511 Pi: 3.144431 
Round: 512 Pi: 3.144445 
Round: 513 Pi: 3.144499 
Round: 514 Pi: 3.144584 
Round: 515 Pi: 3.144629 
Round: 516 Pi: 3.144737 
Round: 517 Pi: 3.144720 
Round: 518 Pi: 3.144749 
Round: 519 Pi: 3.144786 
Round: 520 Pi: 3.144892 
Round: 521 Pi: 3.144975 
Round: 522 Pi: 3.144981 
Round: 523 Pi: 3.145124 
Round: 524 Pi: 3.144985 
Round: 525 Pi: 3.144777 
Round: 526 Pi: 3.144760 
Round: 527 Pi: 3.144706 
Round: 528 Pi: 3.144667 
Round: 529 Pi: 3.144673 
Round: 530 Pi: 3.144490 
Round: 531 Pi: 3.144550 
Round: 532 Pi: 3.144624 
Round: 533 Pi: 3.144548 
Round: 534 Pi: 3.144464 
Round: 535 Pi: 3.144568 
Round: 536 Pi: 3.144507 
Round: 537 Pi: 3.144425 
Round: 538 Pi: 3.144483 
Round: 539 Pi: 3.144386 
Round: 540 Pi: 3.144526 
Round: 541 Pi: 3.144592 
Round: 542 Pi: 3.144672 
Round: 543 Pi: 3.144604 
Round: 544 Pi: 3.144603 
Round: 545 Pi: 3.144602 
Round: 546 Pi: 3.144418 
Round: 547 Pi: 3.144344 
Round: 548 Pi: 3.144358 
Round: 549 Pi: 3.144342 
Round: 550 Pi: 3.144429 
Round: 551 Pi: 3.144464 
Round: 552 Pi: 3.144413 
Round: 553 Pi: 3.144514 
Round: 554 Pi: 3.144448 
Round: 555 Pi: 3.144548 
Round: 556 Pi: 3.144475 
Round: 557 Pi: 3.144417 
Round: 558 Pi: 3.144409 
Round: 559 Pi: 3.144408 
Round: 560 Pi: 3.144471 
Round: 561 Pi: 3.144521 
Round: 562 Pi: 3.144399 
Round: 563 Pi: 3.144533 
Round: 564 Pi: 3.144482 
Round: 565 Pi: 3.144311 
Round: 566 Pi: 3.144318 
Round: 567 Pi: 3.144268 
Round: 568 Pi: 3.144225 
Round: 569 Pi: 3.144183 
Round: 570 Pi: 3.144203 
Round: 571 Pi: 3.144196 
Round: 572 Pi: 3.144252 
Round: 573 Pi: 3.144321 
Round: 574 Pi: 3.144300 
Round: 575 Pi: 3.144410 
Round: 576 Pi: 3.144361 
Round: 577 Pi: 3.144416 
Round: 578 Pi: 3.144256 
Round: 579 Pi: 3.144193 
Round: 580 Pi: 3.144152 
Round: 581 Pi: 3.144262 
Round: 582 Pi: 3.144351 
Round: 583 Pi: 3.144322 
Round: 584 Pi: 3.144281 
Round: 585 Pi: 3.144226 
Round: 586 Pi: 3.144253 
Round: 587 Pi: 3.144245 
Round: 588 Pi: 3.144068 
Round: 589 Pi: 3.144027 
Round: 590 Pi: 3.144014 
Round: 591 Pi: 3.143953 
Round: 592 Pi: 3.143986 
Round: 593 Pi: 3.143986 
Round: 594 Pi: 3.143973 
Round: 595 Pi: 3.143946 
Round: 596 Pi: 3.143966 
Round: 597 Pi: 3.143980 
Round: 598 Pi: 3.144027 
Round: 599 Pi: 3.144187 
Round: 600 Pi: 3.144180 
Round: 601 Pi: 3.144200 
Round: 602 Pi: 3.144047 
Round: 603 Pi: 3.144047 
Round: 604 Pi: 3.144192 
Round: 605 Pi: 3.144119 
Round: 606 Pi: 3.143960 
Round: 607 Pi: 3.143947 
Round: 608 Pi: 3.143908 
Round: 609 Pi: 3.143810 
Round: 610 Pi: 3.143764 
Round: 611 Pi: 3.143653 
Round: 612 Pi: 3.143647 
Round: 613 Pi: 3.143563 
Round: 614 Pi: 3.143505 
Round: 615 Pi: 3.143395 
Round: 616 Pi: 3.143435 
Round: 617 Pi: 3.143456 
Round: 618 Pi: 3.143417 
Round: 619 Pi: 3.143438 
Round: 620 Pi: 3.143432 
Round: 621 Pi: 3.143491 
Round: 622 Pi: 3.143505 
Round: 623 Pi: 3.143493 
Round: 624 Pi: 3.143359 
Round: 625 Pi: 3.143386 
Round: 626 Pi: 3.143348 
Round: 627 Pi: 3.143305 
Round: 628 Pi: 3.143280 
Round: 629 Pi: 3.143218 
Round: 630 Pi: 3.143130 
Round: 631 Pi: 3.143112 
Round: 632 Pi: 3.143222 
Round: 633 Pi: 3.143254 
Round: 634 Pi: 3.143193 
Round: 635 Pi: 3.143137 
Round: 636 Pi: 3.143025 
Round: 637 Pi: 3.143064 
Round: 638 Pi: 3.142959 
Round: 639 Pi: 3.142923 
Round: 640 Pi: 3.142875 
Round: 641 Pi: 3.142777 
Round: 642 Pi: 3.142710 
Round: 643 Pi: 3.142650 
Round: 644 Pi: 3.142751 
Round: 645 Pi: 3.142691 
Round: 646 Pi: 3.142718 
Round: 647 Pi: 3.142788 
Round: 648 Pi: 3.142772 
Round: 649 Pi: 3.142792 
Round: 650 Pi: 3.142788 
Round: 651 Pi: 3.142925 
Round: 652 Pi: 3.142908 
Round: 653 Pi: 3.142904 
Round: 654 Pi: 3.142789 
Round: 655 Pi: 3.142687 
Round: 656 Pi: 3.142622 
Round: 657 Pi: 3.142673 
Round: 658 Pi: 3.142644 
Round: 659 Pi: 3.142756 
Round: 660 Pi: 3.142709 
Round: 661 Pi: 3.142874 
Round: 662 Pi: 3.142792 
Round: 663 Pi: 3.142884 
Round: 664 Pi: 3.142940 
Round: 665 Pi: 3.142923 
Round: 666 Pi: 3.142775 
Round: 667 Pi: 3.142705 
Round: 668 Pi: 3.142814 
Round: 669 Pi: 3.142756 
Round: 670 Pi: 3.142710 
Round: 671 Pi: 3.142718 
Round: 672 Pi: 3.142768 
Round: 673 Pi: 3.142835 
Round: 674 Pi: 3.142683 
Round: 675 Pi: 3.142761 
Round: 676 Pi: 3.142728 
Round: 677 Pi: 3.142771 
Round: 678 Pi: 3.142678 
Round: 679 Pi: 3.142704 
Round: 680 Pi: 3.142782 
Round: 681 Pi: 3.142843 
Round: 682 Pi: 3.142880 
Round: 683 Pi: 3.142998 
Round: 684 Pi: 3.142965 
Round: 685 Pi: 3.142943 
Round: 686 Pi: 3.142828 
Round: 687 Pi: 3.142940 
Round: 688 Pi: 3.142977 
Round: 689 Pi: 3.142949 
Round: 690 Pi: 3.142980 
Round: 691 Pi: 3.143004 
Round: 692 Pi: 3.143075 
Round: 693 Pi: 3.143128 
Round: 694 Pi: 3.143089 
Round: 695 Pi: 3.143004 
Round: 696 Pi: 3.143075 
Round: 697 Pi: 3.143019 
Round: 698 Pi: 3.143117 
Round: 699 Pi: 3.142993 
Round: 700 Pi: 3.143063 
Round: 701 Pi: 3.143213 
Round: 702 Pi: 3.143339 
Round: 703 Pi: 3.143357 
Round: 704 Pi: 3.143261 
Round: 705 Pi: 3.143279 
Round: 706 Pi: 3.143263 
Round: 707 Pi: 3.143242 
Round: 708 Pi: 3.143039 
Round: 709 Pi: 3.143052 
Round: 710 Pi: 3.143104 
Round: 711 Pi: 3.143077 
Round: 712 Pi: 3.143011 
Round: 713 Pi: 3.142956 
Round: 714 Pi: 3.142879 
Round: 715 Pi: 3.142725 
Round: 716 Pi: 3.142743 
Round: 717 Pi: 3.142873 
Round: 718 Pi: 3.142819 
Round: 719 Pi: 3.142893 
Round: 720 Pi: 3.142911 
Round: 721 Pi: 3.142968 
Round: 722 Pi: 3.142936 
Round: 723 Pi: 3.142954 
Round: 724 Pi: 3.142823 
Round: 725 Pi: 3.142775 
Round: 726 Pi: 3.142755 
Round: 727 Pi: 3.142735 
Round: 728 Pi: 3.142643 
Round: 729 Pi: 3.142710 
Round: 730 Pi: 3.142630 
Round: 731 Pi: 3.142588 
Round: 732 Pi: 3.142585 
Round: 733 Pi: 3.142614 
Round: 734 Pi: 3.142817 
Round: 735 Pi: 3.142841 
Round: 736 Pi: 3.142875 
Round: 737 Pi: 3.142882 
Round: 738 Pi: 3.142884 
Round: 739 Pi: 3.142777 
Round: 740 Pi: 3.142881 
Round: 741 Pi: 3.142893 
Round: 742 Pi: 3.142933 
Round: 743 Pi: 3.143058 
Round: 744 Pi: 3.143070 
Round: 745 Pi: 3.143103 
Round: 746 Pi: 3.143099 
Round: 747 Pi: 3.143090 
Round: 748 Pi: 3.143075 
Round: 749 Pi: 3.143039 
Round: 750 Pi: 3.143024 
Round: 751 Pi: 3.143004 
Round: 752 Pi: 3.142957 
Round: 753 Pi: 3.143012 
Round: 754 Pi: 3.142955 
Round: 755 Pi: 3.142977 
Round: 756 Pi: 3.143074 
Round: 757 Pi: 3.142959 
Round: 758 Pi: 3.142865 
Round: 759 Pi: 3.142925 
Round: 760 Pi: 3.142926 
Round: 761 Pi: 3.143001 
Round: 762 Pi: 3.143108 
Round: 763 Pi: 3.143083 
Round: 764 Pi: 3.143021 
Round: 765 Pi: 3.142975 
Round: 766 Pi: 3.143029 
Round: 767 Pi: 3.142988 
Round: 768 Pi: 3.143104 
Round: 769 Pi: 3.143111 
Round: 770 Pi: 3.143096 
Round: 771 Pi: 3.143051 
Round: 772 Pi: 3.143057 
Round: 773 Pi: 3.143069 
Round: 774 Pi: 3.143044 
Round: 775 Pi: 3.143055 
Round: 776 Pi: 3.143046 
Round: 777 Pi: 3.143032 
Round: 778 Pi: 3.142895 
Round: 779 Pi: 3.142819 
Round: 780 Pi: 3.142769 
Round: 781 Pi: 3.142863 
Round: 782 Pi: 3.142839 
Round: 783 Pi: 3.142759 
Round: 784 Pi: 3.142719 
Round: 785 Pi: 3.142777 
Round: 786 Pi: 3.142768 
Round: 787 Pi: 3.142678 
Round: 788 Pi: 3.142624 
Round: 789 Pi: 3.142581 
Round: 790 Pi: 3.142709 
Round: 791 Pi: 3.142731 
Round: 792 Pi: 3.142712 
Round: 793 Pi: 3.142739 
Round: 794 Pi: 3.142665 
Round: 795 Pi: 3.142637 
Round: 796 Pi: 3.142663 
Round: 797 Pi: 3.142660 
Round: 798 Pi: 3.142647 
Round: 799 Pi: 3.142663 
Round: 800 Pi: 3.142565 
Round: 801 Pi: 3.142397 
Round: 802 Pi: 3.142439 
Round: 803 Pi: 3.142600 
Round: 804 Pi: 3.142488 
Round: 805 Pi: 3.142455 
Round: 806 Pi: 3.142511 
Round: 807 Pi: 3.142587 
Round: 808 Pi: 3.142698 
Round: 809 Pi: 3.142690 
Round: 810 Pi: 3.142667 
Round: 811 Pi: 3.142683 
Round: 812 Pi: 3.142729 
Round: 813 Pi: 3.142588 
Round: 814 Pi: 3.142673 
Round: 815 Pi: 3.142704 
Round: 816 Pi: 3.142706 
Round: 817 Pi: 3.142781 
Round: 818 Pi: 3.142831 
Round: 819 Pi: 3.142813 
Round: 820 Pi: 3.142741 
Round: 821 Pi: 3.142680 
Round: 822 Pi: 3.142706 
Round: 823 Pi: 3.142741 
Round: 824 Pi: 3.142709 
Round: 825 Pi: 3.142623 
Round: 826 Pi: 3.142688 
Round: 827 Pi: 3.142665 
Round: 828 Pi: 3.142705 
Round: 829 Pi: 3.142721 
Round: 830 Pi: 3.142819 
Round: 831 Pi: 3.142835 
Round: 832 Pi: 3.142793 
Round: 833 Pi: 3.142814 
Round: 834 Pi: 3.142710 
Round: 835 Pi: 3.142659 
Round: 836 Pi: 3.142627 
Round: 837 Pi: 3.142552 
Round: 838 Pi: 3.142473 
Round: 839 Pi: 3.142575 
Round: 840 Pi: 3.142509 
Round: 841 Pi: 3.142535 
Round: 842 Pi: 3.142499 
Round: 843 Pi: 3.142576 
Round: 844 Pi: 3.142550 
Round: 845 Pi: 3.142580 
Round: 846 Pi: 3.142643 
Round: 847 Pi: 3.142678 
Round: 848 Pi: 3.142632 
Round: 849 Pi: 3.142506 
Round: 850 Pi: 3.142522 
Round: 851 Pi: 3.142534 
Round: 852 Pi: 3.142512 
Round: 853 Pi: 3.142560 
Round: 854 Pi: 3.142534 
Round: 855 Pi: 3.142466 
Round: 856 Pi: 3.142350 
Round: 857 Pi: 3.142446 
Round: 858 Pi: 3.142401 
Round: 859 Pi: 3.142347 
Round: 860 Pi: 3.142354 
Round: 861 Pi: 3.142286 
Round: 862 Pi: 3.142348 
Round: 863 Pi: 3.142387 
Round: 864 Pi: 3.142467 
Round: 865 Pi: 3.142423 
Round: 866 Pi: 3.142494 
Round: 867 Pi: 3.142616 
Round: 868 Pi: 3.142627 
Round: 869 Pi: 3.142559 
Round: 870 Pi: 3.142616 
Round: 871 Pi: 3.142659 
Round: 872 Pi: 3.142688 
Round: 873 Pi: 3.142758 
Round: 874 Pi: 3.142755 
Round: 875 Pi: 3.142756 
Round: 876 Pi: 3.142744 
Round: 877 Pi: 3.142755 
Round: 878 Pi: 3.142756 
Round: 879 Pi: 3.142812 
Round: 880 Pi: 3.142800 
Round: 881 Pi: 3.142783 
Round: 882 Pi: 3.142853 
Round: 883 Pi: 3.142840 
Round: 884 Pi: 3.142896 
Round: 885 Pi: 3.142843 
Round: 886 Pi: 3.142921 
Round: 887 Pi: 3.142927 
Round: 888 Pi: 3.142959 
Round: 889 Pi: 3.142898 
Round: 890 Pi: 3.142881 
Round: 891 Pi: 3.142797 
Round: 892 Pi: 3.142816 
Round: 893 Pi: 3.142853 
Round: 894 Pi: 3.142859 
Round: 895 Pi: 3.142918 
Round: 896 Pi: 3.142969 
Round: 897 Pi: 3.143099 
Round: 898 Pi: 3.143194 
Round: 899 Pi: 3.143217 
Round: 900 Pi: 3.143169 
Round: 901 Pi: 3.143090 
Round: 902 Pi: 3.143153 
Round: 903 Pi: 3.143158 
Round: 904 Pi: 3.143128 
Round: 905 Pi: 3.143142 
Round: 906 Pi: 3.143068 
Round: 907 Pi: 3.143012 
Round: 908 Pi: 3.143057 
Round: 909 Pi: 3.143164 
Round: 910 Pi: 3.143231 
Round: 911 Pi: 3.143183 
Round: 912 Pi: 3.143237 
Round: 913 Pi: 3.143343 
Round: 914 Pi: 3.143365 
Round: 915 Pi: 3.143384 
Round: 916 Pi: 3.143363 
Round: 917 Pi: 3.143415 
Round: 918 Pi: 3.143499 
Round: 919 Pi: 3.143452 
Round: 920 Pi: 3.143413 
Round: 921 Pi: 3.143544 
Round: 922 Pi: 3.143592 
Round: 923 Pi: 3.143627 
Round: 924 Pi: 3.143675 
Round: 925 Pi: 3.143702 
Round: 926 Pi: 3.143598 
Round: 927 Pi: 3.143512 
Round: 928 Pi: 3.143539 
Round: 929 Pi: 3.143686 
Round: 930 Pi: 3.143733 
Round: 931 Pi: 3.143618 
Round: 932 Pi: 3.143687 
Round: 933 Pi: 3.143661 
Round: 934 Pi: 3.143769 
Round: 935 Pi: 3.143790 
Round: 936 Pi: 3.143821 
Round: 937 Pi: 3.143799 
Round: 938 Pi: 3.143744 
Round: 939 Pi: 3.143693 
Round: 940 Pi: 3.143698 
Round: 941 Pi: 3.143617 
Round: 942 Pi: 3.143546 
Round: 943 Pi: 3.143605 
Round: 944 Pi: 3.143559 
Round: 945 Pi: 3.143543 
Round: 946 Pi: 3.143471 
Round: 947 Pi: 3.143497 
Round: 948 Pi: 3.143485 
Round: 949 Pi: 3.143557 
Round: 950 Pi: 3.143541 
Round: 951 Pi: 3.143579 
Round: 952 Pi: 3.143626 
Round: 953 Pi: 3.143622 
Round: 954 Pi: 3.143614 
Round: 955 Pi: 3.143560 
Round: 956 Pi: 3.143523 
Round: 957 Pi: 3.143636 
Round: 958 Pi: 3.143733 
Round: 959 Pi: 3.143687 
Round: 960 Pi: 3.143642 
Round: 961 Pi: 3.143567 
Round: 962 Pi: 3.143543 
Round: 963 Pi: 3.143585 
Round: 964 Pi: 3.143635 
Round: 965 Pi: 3.143635 
Round: 966 Pi: 3.143611 
Round: 967 Pi: 3.143437 
Round: 968 Pi: 3.143554 
Round: 969 Pi: 3.143567 
Round: 970 Pi: 3.143579 
Round: 971 Pi: 3.143489 
Round: 972 Pi: 3.143432 
Round: 973 Pi: 3.143305 
Round: 974 Pi: 3.143298 
Round: 975 Pi: 3.143339 
Round: 976 Pi: 3.143430 
Round: 977 Pi: 3.143464 
Round: 978 Pi: 3.143460 
Round: 979 Pi: 3.143457 
Round: 980 Pi: 3.143490 
Round: 981 Pi: 3.143413 
Round: 982 Pi: 3.143377 
Round: 983 Pi: 3.143361 
Round: 984 Pi: 3.143362 
Round: 985 Pi: 3.143330 
Round: 986 Pi: 3.143363 
Round: 987 Pi: 3.143234 
Round: 988 Pi: 3.143190 
Round: 989 Pi: 3.143260 
Round: 990 Pi: 3.143249 
Round: 991 Pi: 3.143253 
Round: 992 Pi: 3.143250 
Round: 993 Pi: 3.143206 
Round: 994 Pi: 3.143179 
Round: 995 Pi: 3.143104 
Round: 996 Pi: 3.143137 
Round: 997 Pi: 3.143178 
Round: 998 Pi: 3.143198 
Round: 999 Pi: 3.143239 
Round: 1000 Pi: 3.143216 
time taken: 0.243030s 

============================
 Job utilisation efficiency
============================

Job ID: 28104976
Cluster: viking2.yor.alces.network
User/Group: lj1219/clusterusers
State: COMPLETED (exit code 0)
Cores: 1
CPU Utilized: 00:00:01
CPU Efficiency: 50.00% of 00:00:02 core-walltime
Job Wall-clock time: 00:00:02
Memory Utilized: 3.61 MB
Memory Efficiency: 0.35% of 1.00 GB
 Requested wall clock time: 00:15:00
    Actual wall clock time: 00:00:02
Wall clock time efficiency: 0.2%
           Job queued time: 00:00:07
