allexport      	off
braceexpand    	on
emacs          	off
errexit        	on
errtrace       	off
functrace      	off
hashall        	on
histexpand     	off
history        	off
ignoreeof      	off
interactive-comments	on
keyword        	off
monitor        	off
noclobber      	off
noexec         	off
noglob         	off
nolog          	off
notify         	off
nounset        	on
onecmd         	off
physical       	off
pipefail       	off
posix          	off
privileged     	off
verbose        	off
vi             	off
xtrace         	off
Round: 1 Pi: 4.000000 
Round: 1 Pi: 4.000000 
Round: 1 Pi: 4.000000 
Round: 1 Pi: 4.000000 
Round: 1 Pi: 4.000000 
Round: 1 Pi: 3.333333 
Round: 1 Pi: 2.857143 
Round: 1 Pi: 2.500000 
Round: 1 Pi: 2.666667 
Round: 1 Pi: 2.800000 
Round: 2 Pi: 2.545455 
Round: 2 Pi: 2.666667 
Round: 2 Pi: 2.769231 
Round: 2 Pi: 2.857143 
Round: 2 Pi: 2.933333 
Round: 2 Pi: 3.000000 
Round: 2 Pi: 3.058824 
Round: 2 Pi: 3.111111 
Round: 2 Pi: 3.157895 
Round: 2 Pi: 3.200000 
Round: 3 Pi: 3.238095 
Round: 3 Pi: 3.272727 
Round: 3 Pi: 3.304348 
Round: 3 Pi: 3.333333 
Round: 3 Pi: 3.360000 
Round: 3 Pi: 3.384615 
Round: 3 Pi: 3.407408 
Round: 3 Pi: 3.285714 
Round: 3 Pi: 3.310345 
Round: 3 Pi: 3.333333 
Round: 4 Pi: 3.354839 
Round: 4 Pi: 3.375000 
Round: 4 Pi: 3.393939 
Round: 4 Pi: 3.411765 
Round: 4 Pi: 3.314286 
Round: 4 Pi: 3.222222 
Round: 4 Pi: 3.243243 
Round: 4 Pi: 3.263158 
Round: 4 Pi: 3.282051 
Round: 4 Pi: 3.200000 
Round: 5 Pi: 3.219512 
Round: 5 Pi: 3.238095 
Round: 5 Pi: 3.255814 
Round: 5 Pi: 3.272727 
Round: 5 Pi: 3.288889 
Round: 5 Pi: 3.304348 
Round: 5 Pi: 3.319149 
Round: 5 Pi: 3.333333 
Round: 5 Pi: 3.346939 
Round: 5 Pi: 3.360000 
Round: 6 Pi: 3.372549 
Round: 6 Pi: 3.384615 
Round: 6 Pi: 3.320755 
Round: 6 Pi: 3.259259 
Round: 6 Pi: 3.272727 
Round: 6 Pi: 3.285714 
Round: 6 Pi: 3.298246 
Round: 6 Pi: 3.241379 
Round: 6 Pi: 3.254237 
Round: 6 Pi: 3.266667 
Round: 7 Pi: 3.278688 
Round: 7 Pi: 3.290323 
Round: 7 Pi: 3.301587 
Round: 7 Pi: 3.250000 
Round: 7 Pi: 3.261539 
Round: 7 Pi: 3.212121 
Round: 7 Pi: 3.164179 
Round: 7 Pi: 3.176471 
Round: 7 Pi: 3.130435 
Round: 7 Pi: 3.085714 
Round: 8 Pi: 3.098592 
Round: 8 Pi: 3.111111 
Round: 8 Pi: 3.068493 
Round: 8 Pi: 3.081081 
Round: 8 Pi: 3.093333 
Round: 8 Pi: 3.105263 
Round: 8 Pi: 3.116883 
Round: 8 Pi: 3.128205 
Round: 8 Pi: 3.139241 
Round: 8 Pi: 3.100000 
Round: 9 Pi: 3.061728 
Round: 9 Pi: 3.073171 
Round: 9 Pi: 3.084337 
Round: 9 Pi: 3.095238 
Round: 9 Pi: 3.105882 
Round: 9 Pi: 3.116279 
Round: 9 Pi: 3.080460 
Round: 9 Pi: 3.090909 
Round: 9 Pi: 3.101124 
Round: 9 Pi: 3.066667 
Round: 10 Pi: 3.032967 
Round: 10 Pi: 3.043478 
Round: 10 Pi: 3.053763 
Round: 10 Pi: 3.063830 
Round: 10 Pi: 3.073684 
Round: 10 Pi: 3.083333 
Round: 10 Pi: 3.092783 
Round: 10 Pi: 3.061224 
Round: 10 Pi: 3.070707 
Round: 10 Pi: 3.080000 
Round: 11 Pi: 3.089109 
Round: 11 Pi: 3.058824 
Round: 11 Pi: 3.067961 
Round: 11 Pi: 3.076923 
Round: 11 Pi: 3.085714 
Round: 11 Pi: 3.094340 
Round: 11 Pi: 3.065421 
Round: 11 Pi: 3.074074 
Round: 11 Pi: 3.045871 
Round: 11 Pi: 3.054545 
Round: 12 Pi: 3.063063 
Round: 12 Pi: 3.035714 
Round: 12 Pi: 3.008850 
Round: 12 Pi: 3.017544 
Round: 12 Pi: 3.026087 
Round: 12 Pi: 3.034483 
Round: 12 Pi: 3.008547 
Round: 12 Pi: 3.016949 
Round: 12 Pi: 2.991597 
Round: 12 Pi: 3.000000 
Round: 13 Pi: 3.008265 
Round: 13 Pi: 3.016393 
Round: 13 Pi: 3.024390 
Round: 13 Pi: 3.000000 
Round: 13 Pi: 2.976000 
Round: 13 Pi: 2.984127 
Round: 13 Pi: 2.992126 
Round: 13 Pi: 2.968750 
Round: 13 Pi: 2.976744 
Round: 13 Pi: 2.984615 
Round: 14 Pi: 2.992366 
Round: 14 Pi: 3.000000 
Round: 14 Pi: 2.977444 
Round: 14 Pi: 2.985075 
Round: 14 Pi: 2.962963 
Round: 14 Pi: 2.970588 
Round: 14 Pi: 2.978102 
Round: 14 Pi: 2.985507 
Round: 14 Pi: 2.992806 
Round: 14 Pi: 3.000000 
Round: 15 Pi: 2.978723 
Round: 15 Pi: 2.985915 
Round: 15 Pi: 2.965035 
Round: 15 Pi: 2.944444 
Round: 15 Pi: 2.951724 
Round: 15 Pi: 2.958904 
Round: 15 Pi: 2.965986 
Round: 15 Pi: 2.972973 
Round: 15 Pi: 2.979866 
Round: 15 Pi: 2.960000 
Round: 16 Pi: 2.966887 
Round: 16 Pi: 2.973684 
Round: 16 Pi: 2.980392 
Round: 16 Pi: 2.987013 
Round: 16 Pi: 2.993548 
Round: 16 Pi: 2.974359 
Round: 16 Pi: 2.980892 
Round: 16 Pi: 2.987342 
Round: 16 Pi: 2.993711 
Round: 16 Pi: 3.000000 
Round: 17 Pi: 3.006211 
Round: 17 Pi: 3.012346 
Round: 17 Pi: 3.018405 
Round: 17 Pi: 3.024390 
Round: 17 Pi: 3.006061 
Round: 17 Pi: 2.987952 
Round: 17 Pi: 2.994012 
Round: 17 Pi: 3.000000 
Round: 17 Pi: 2.982249 
Round: 17 Pi: 2.988235 
Round: 18 Pi: 2.994152 
Round: 18 Pi: 3.000000 
Round: 18 Pi: 3.005780 
Round: 18 Pi: 3.011494 
Round: 18 Pi: 2.994286 
Round: 18 Pi: 3.000000 
Round: 18 Pi: 3.005650 
Round: 18 Pi: 3.011236 
Round: 18 Pi: 3.016760 
Round: 18 Pi: 3.022222 
Round: 19 Pi: 3.005525 
Round: 19 Pi: 3.010989 
Round: 19 Pi: 3.016393 
Round: 19 Pi: 3.021739 
Round: 19 Pi: 3.005405 
Round: 19 Pi: 3.010753 
Round: 19 Pi: 3.016043 
Round: 19 Pi: 3.021277 
Round: 19 Pi: 3.026455 
Round: 19 Pi: 3.031579 
Round: 20 Pi: 3.036649 
Round: 20 Pi: 3.041667 
Round: 20 Pi: 3.046632 
Round: 20 Pi: 3.051546 
Round: 20 Pi: 3.056410 
Round: 20 Pi: 3.061224 
Round: 20 Pi: 3.065990 
Round: 20 Pi: 3.050505 
Round: 20 Pi: 3.035176 
Round: 20 Pi: 3.040000 
Round: 21 Pi: 3.024876 
Round: 21 Pi: 3.029703 
Round: 21 Pi: 3.014778 
Round: 21 Pi: 3.019608 
Round: 21 Pi: 3.024390 
Round: 21 Pi: 3.009709 
Round: 21 Pi: 2.995169 
Round: 21 Pi: 3.000000 
Round: 21 Pi: 3.004785 
Round: 21 Pi: 3.009524 
Round: 22 Pi: 3.014218 
Round: 22 Pi: 3.018868 
Round: 22 Pi: 3.023474 
Round: 22 Pi: 3.028037 
Round: 22 Pi: 3.032558 
Round: 22 Pi: 3.037037 
Round: 22 Pi: 3.023041 
Round: 22 Pi: 3.027523 
Round: 22 Pi: 3.031964 
Round: 22 Pi: 3.036364 
Round: 23 Pi: 3.040724 
Round: 23 Pi: 3.045045 
Round: 23 Pi: 3.031390 
Round: 23 Pi: 3.035714 
Round: 23 Pi: 3.040000 
Round: 23 Pi: 3.044248 
Round: 23 Pi: 3.030837 
Round: 23 Pi: 3.035088 
Round: 23 Pi: 3.039301 
Round: 23 Pi: 3.043478 
Round: 24 Pi: 3.047619 
Round: 24 Pi: 3.051724 
Round: 24 Pi: 3.055794 
Round: 24 Pi: 3.059829 
Round: 24 Pi: 3.063830 
Round: 24 Pi: 3.067797 
Round: 24 Pi: 3.071730 
Round: 24 Pi: 3.075630 
Round: 24 Pi: 3.062762 
Round: 24 Pi: 3.066667 
Round: 25 Pi: 3.070539 
Round: 25 Pi: 3.057851 
Round: 25 Pi: 3.061728 
Round: 25 Pi: 3.065574 
Round: 25 Pi: 3.069388 
Round: 25 Pi: 3.056911 
Round: 25 Pi: 3.060729 
Round: 25 Pi: 3.064516 
Round: 25 Pi: 3.068273 
Round: 25 Pi: 3.072000 
Round: 26 Pi: 3.075697 
Round: 26 Pi: 3.079365 
Round: 26 Pi: 3.067194 
Round: 26 Pi: 3.070866 
Round: 26 Pi: 3.074510 
Round: 26 Pi: 3.078125 
Round: 26 Pi: 3.081712 
Round: 26 Pi: 3.069767 
Round: 26 Pi: 3.073359 
Round: 26 Pi: 3.061538 
Round: 27 Pi: 3.065134 
Round: 27 Pi: 3.068702 
Round: 27 Pi: 3.072243 
Round: 27 Pi: 3.075758 
Round: 27 Pi: 3.079245 
Round: 27 Pi: 3.082707 
Round: 27 Pi: 3.071161 
Round: 27 Pi: 3.074627 
Round: 27 Pi: 3.063197 
Round: 27 Pi: 3.051852 
Round: 28 Pi: 3.055351 
Round: 28 Pi: 3.058824 
Round: 28 Pi: 3.047619 
Round: 28 Pi: 3.051095 
Round: 28 Pi: 3.054545 
Round: 28 Pi: 3.057971 
Round: 28 Pi: 3.061372 
Round: 28 Pi: 3.064748 
Round: 28 Pi: 3.053763 
Round: 28 Pi: 3.057143 
Round: 29 Pi: 3.060498 
Round: 29 Pi: 3.063830 
Round: 29 Pi: 3.067138 
Round: 29 Pi: 3.070423 
Round: 29 Pi: 3.073684 
Round: 29 Pi: 3.076923 
Round: 29 Pi: 3.080139 
Round: 29 Pi: 3.083333 
Round: 29 Pi: 3.086505 
Round: 29 Pi: 3.089655 
Round: 30 Pi: 3.092783 
Round: 30 Pi: 3.095891 
Round: 30 Pi: 3.085324 
Round: 30 Pi: 3.088435 
Round: 30 Pi: 3.091525 
Round: 30 Pi: 3.094594 
Round: 30 Pi: 3.097643 
Round: 30 Pi: 3.100671 
Round: 30 Pi: 3.090301 
Round: 30 Pi: 3.093333 
Round: 31 Pi: 3.096345 
Round: 31 Pi: 3.086093 
Round: 31 Pi: 3.089109 
Round: 31 Pi: 3.092105 
Round: 31 Pi: 3.095082 
Round: 31 Pi: 3.098039 
Round: 31 Pi: 3.100977 
Round: 31 Pi: 3.090909 
Round: 31 Pi: 3.093851 
Round: 31 Pi: 3.096774 
Round: 32 Pi: 3.099679 
Round: 32 Pi: 3.102564 
Round: 32 Pi: 3.092652 
Round: 32 Pi: 3.082803 
Round: 32 Pi: 3.085714 
Round: 32 Pi: 3.088608 
Round: 32 Pi: 3.091483 
Round: 32 Pi: 3.094340 
Round: 32 Pi: 3.097179 
Round: 32 Pi: 3.100000 
Round: 33 Pi: 3.090343 
Round: 33 Pi: 3.093168 
Round: 33 Pi: 3.095975 
Round: 33 Pi: 3.098765 
Round: 33 Pi: 3.101538 
Round: 33 Pi: 3.092025 
Round: 33 Pi: 3.094801 
Round: 33 Pi: 3.097561 
Round: 33 Pi: 3.100304 
Round: 33 Pi: 3.103030 
Round: 34 Pi: 3.105740 
Round: 34 Pi: 3.108434 
Round: 34 Pi: 3.111111 
Round: 34 Pi: 3.101796 
Round: 34 Pi: 3.092537 
Round: 34 Pi: 3.095238 
Round: 34 Pi: 3.097923 
Round: 34 Pi: 3.100592 
Round: 34 Pi: 3.103245 
Round: 34 Pi: 3.105882 
Round: 35 Pi: 3.096774 
Round: 35 Pi: 3.099415 
Round: 35 Pi: 3.102041 
Round: 35 Pi: 3.104651 
Round: 35 Pi: 3.107246 
Round: 35 Pi: 3.109827 
Round: 35 Pi: 3.112392 
Round: 35 Pi: 3.114943 
Round: 35 Pi: 3.117479 
Round: 35 Pi: 3.108572 
Round: 36 Pi: 3.099715 
Round: 36 Pi: 3.090909 
Round: 36 Pi: 3.093484 
Round: 36 Pi: 3.084746 
Round: 36 Pi: 3.087324 
Round: 36 Pi: 3.089888 
Round: 36 Pi: 3.092437 
Round: 36 Pi: 3.094972 
Round: 36 Pi: 3.097493 
Round: 36 Pi: 3.100000 
Round: 37 Pi: 3.102493 
Round: 37 Pi: 3.104972 
Round: 37 Pi: 3.107438 
Round: 37 Pi: 3.109890 
Round: 37 Pi: 3.101370 
Round: 37 Pi: 3.103825 
Round: 37 Pi: 3.106267 
Round: 37 Pi: 3.108696 
Round: 37 Pi: 3.100271 
Round: 37 Pi: 3.102703 
Round: 38 Pi: 3.105121 
Round: 38 Pi: 3.107527 
Round: 38 Pi: 3.109920 
Round: 38 Pi: 3.101604 
Round: 38 Pi: 3.104000 
Round: 38 Pi: 3.095745 
Round: 38 Pi: 3.098143 
Round: 38 Pi: 3.100529 
Round: 38 Pi: 3.092348 
Round: 38 Pi: 3.094737 
Round: 39 Pi: 3.097113 
Round: 39 Pi: 3.099476 
Round: 39 Pi: 3.101828 
Round: 39 Pi: 3.104167 
Round: 39 Pi: 3.096104 
Round: 39 Pi: 3.088083 
Round: 39 Pi: 3.090439 
Round: 39 Pi: 3.092783 
Round: 39 Pi: 3.095116 
Round: 39 Pi: 3.097436 
Round: 40 Pi: 3.099744 
Round: 40 Pi: 3.091837 
Round: 40 Pi: 3.094148 
Round: 40 Pi: 3.096447 
Round: 40 Pi: 3.098734 
Round: 40 Pi: 3.101010 
Round: 40 Pi: 3.103275 
Round: 40 Pi: 3.095477 
Round: 40 Pi: 3.097744 
Round: 40 Pi: 3.100000 
Round: 41 Pi: 3.102244 
Round: 41 Pi: 3.094527 
Round: 41 Pi: 3.096774 
Round: 41 Pi: 3.089109 
Round: 41 Pi: 3.091358 
Round: 41 Pi: 3.093596 
Round: 41 Pi: 3.095823 
Round: 41 Pi: 3.098039 
Round: 41 Pi: 3.100245 
Round: 41 Pi: 3.092683 
Round: 42 Pi: 3.094891 
Round: 42 Pi: 3.087379 
Round: 42 Pi: 3.079903 
Round: 42 Pi: 3.072464 
Round: 42 Pi: 3.074699 
Round: 42 Pi: 3.076923 
Round: 42 Pi: 3.079137 
Round: 42 Pi: 3.071770 
Round: 42 Pi: 3.064439 
Round: 42 Pi: 3.057143 
Round: 43 Pi: 3.059382 
Round: 43 Pi: 3.052133 
Round: 43 Pi: 3.044917 
Round: 43 Pi: 3.047170 
Round: 43 Pi: 3.049412 
Round: 43 Pi: 3.051643 
Round: 43 Pi: 3.053864 
Round: 43 Pi: 3.056075 
Round: 43 Pi: 3.058275 
Round: 43 Pi: 3.060465 
Round: 44 Pi: 3.062645 
Round: 44 Pi: 3.064815 
Round: 44 Pi: 3.066975 
Round: 44 Pi: 3.069124 
Round: 44 Pi: 3.062069 
Round: 44 Pi: 3.064220 
Round: 44 Pi: 3.066362 
Round: 44 Pi: 3.059361 
Round: 44 Pi: 3.061503 
Round: 44 Pi: 3.063636 
Round: 45 Pi: 3.065760 
Round: 45 Pi: 3.058824 
Round: 45 Pi: 3.060948 
Round: 45 Pi: 3.063063 
Round: 45 Pi: 3.065169 
Round: 45 Pi: 3.067265 
Round: 45 Pi: 3.069351 
Round: 45 Pi: 3.071429 
Round: 45 Pi: 3.064588 
Round: 45 Pi: 3.057778 
Round: 46 Pi: 3.059867 
Round: 46 Pi: 3.061947 
Round: 46 Pi: 3.064018 
Round: 46 Pi: 3.057269 
Round: 46 Pi: 3.059341 
Round: 46 Pi: 3.052632 
Round: 46 Pi: 3.054705 
Round: 46 Pi: 3.056769 
Round: 46 Pi: 3.058824 
Round: 46 Pi: 3.060869 
Round: 47 Pi: 3.054230 
Round: 47 Pi: 3.047619 
Round: 47 Pi: 3.049676 
Round: 47 Pi: 3.051724 
Round: 47 Pi: 3.045161 
Round: 47 Pi: 3.047210 
Round: 47 Pi: 3.040685 
Round: 47 Pi: 3.042735 
Round: 47 Pi: 3.044776 
Round: 47 Pi: 3.038298 
Round: 48 Pi: 3.031847 
Round: 48 Pi: 3.025424 
Round: 48 Pi: 3.027484 
Round: 48 Pi: 3.029536 
Round: 48 Pi: 3.031579 
Round: 48 Pi: 3.025210 
Round: 48 Pi: 3.018868 
Round: 48 Pi: 3.020921 
Round: 48 Pi: 3.014614 
Round: 48 Pi: 3.016667 
Round: 49 Pi: 3.018711 
Round: 49 Pi: 3.020747 
Round: 49 Pi: 3.014493 
Round: 49 Pi: 3.016529 
Round: 49 Pi: 3.018557 
Round: 49 Pi: 3.020576 
Round: 49 Pi: 3.022587 
Round: 49 Pi: 3.024590 
Round: 49 Pi: 3.026585 
Round: 49 Pi: 3.028571 
Round: 50 Pi: 3.022403 
Round: 50 Pi: 3.024390 
Round: 50 Pi: 3.026369 
Round: 50 Pi: 3.020243 
Round: 50 Pi: 3.022222 
Round: 50 Pi: 3.016129 
Round: 50 Pi: 3.018109 
Round: 50 Pi: 3.020080 
Round: 50 Pi: 3.022044 
Round: 50 Pi: 3.024000 
Round: 51 Pi: 3.017964 
Round: 51 Pi: 3.019920 
Round: 51 Pi: 3.021869 
Round: 51 Pi: 3.015873 
Round: 51 Pi: 3.017822 
Round: 51 Pi: 3.019763 
Round: 51 Pi: 3.021696 
Round: 51 Pi: 3.023622 
Round: 51 Pi: 3.017682 
Round: 51 Pi: 3.019608 
Round: 52 Pi: 3.021526 
Round: 52 Pi: 3.023438 
Round: 52 Pi: 3.025341 
Round: 52 Pi: 3.027237 
Round: 52 Pi: 3.029126 
Round: 52 Pi: 3.031008 
Round: 52 Pi: 3.032882 
Round: 52 Pi: 3.034749 
Round: 52 Pi: 3.036609 
Round: 52 Pi: 3.030769 
Round: 53 Pi: 3.032629 
Round: 53 Pi: 3.034483 
Round: 53 Pi: 3.036329 
Round: 53 Pi: 3.038168 
Round: 53 Pi: 3.040000 
Round: 53 Pi: 3.034220 
Round: 53 Pi: 3.036053 
Round: 53 Pi: 3.037879 
Round: 53 Pi: 3.032136 
Round: 53 Pi: 3.026415 
Round: 54 Pi: 3.028249 
Round: 54 Pi: 3.030075 
Round: 54 Pi: 3.031895 
Round: 54 Pi: 3.026217 
Round: 54 Pi: 3.020561 
Round: 54 Pi: 3.022388 
Round: 54 Pi: 3.024209 
Round: 54 Pi: 3.018587 
Round: 54 Pi: 3.012987 
Round: 54 Pi: 3.014815 
Round: 55 Pi: 3.016636 
Round: 55 Pi: 3.018450 
Round: 55 Pi: 3.012891 
Round: 55 Pi: 3.014706 
Round: 55 Pi: 3.016514 
Round: 55 Pi: 3.018315 
Round: 55 Pi: 3.020110 
Round: 55 Pi: 3.014599 
Round: 55 Pi: 3.016393 
Round: 55 Pi: 3.018182 
Round: 56 Pi: 3.012704 
Round: 56 Pi: 3.014493 
Round: 56 Pi: 3.016275 
Round: 56 Pi: 3.010830 
Round: 56 Pi: 3.012613 
Round: 56 Pi: 3.007194 
Round: 56 Pi: 3.008977 
Round: 56 Pi: 3.010753 
Round: 56 Pi: 3.012522 
Round: 56 Pi: 3.014286 
Round: 57 Pi: 3.016043 
Round: 57 Pi: 3.010676 
Round: 57 Pi: 3.005329 
Round: 57 Pi: 3.007092 
Round: 57 Pi: 3.008850 
Round: 57 Pi: 3.010601 
Round: 57 Pi: 3.012346 
Round: 57 Pi: 3.014085 
Round: 57 Pi: 3.015817 
Round: 57 Pi: 3.017544 
Round: 58 Pi: 3.019264 
Round: 58 Pi: 3.020979 
Round: 58 Pi: 3.022688 
Round: 58 Pi: 3.024390 
Round: 58 Pi: 3.026087 
Round: 58 Pi: 3.027778 
Round: 58 Pi: 3.029463 
Round: 58 Pi: 3.031142 
Round: 58 Pi: 3.032815 
Round: 58 Pi: 3.034483 
Round: 59 Pi: 3.029260 
Round: 59 Pi: 3.030928 
Round: 59 Pi: 3.025729 
Round: 59 Pi: 3.027397 
Round: 59 Pi: 3.029060 
Round: 59 Pi: 3.023891 
Round: 59 Pi: 3.025554 
Round: 59 Pi: 3.027211 
Round: 59 Pi: 3.028862 
Round: 59 Pi: 3.030509 
Round: 60 Pi: 3.032149 
Round: 60 Pi: 3.033784 
Round: 60 Pi: 3.035413 
Round: 60 Pi: 3.037037 
Round: 60 Pi: 3.038656 
Round: 60 Pi: 3.033557 
Round: 60 Pi: 3.028476 
Round: 60 Pi: 3.030100 
Round: 60 Pi: 3.031719 
Round: 60 Pi: 3.033333 
Round: 61 Pi: 3.034942 
Round: 61 Pi: 3.036545 
Round: 61 Pi: 3.031509 
Round: 61 Pi: 3.033113 
Round: 61 Pi: 3.034711 
Round: 61 Pi: 3.036304 
Round: 61 Pi: 3.037891 
Round: 61 Pi: 3.039474 
Round: 61 Pi: 3.041051 
Round: 61 Pi: 3.042623 
Round: 62 Pi: 3.044190 
Round: 62 Pi: 3.045752 
Round: 62 Pi: 3.040783 
Round: 62 Pi: 3.042345 
Round: 62 Pi: 3.043902 
Round: 62 Pi: 3.038961 
Round: 62 Pi: 3.040519 
Round: 62 Pi: 3.035599 
Round: 62 Pi: 3.037157 
Round: 62 Pi: 3.038710 
Round: 63 Pi: 3.040258 
Round: 63 Pi: 3.035370 
Round: 63 Pi: 3.036918 
Round: 63 Pi: 3.038461 
Round: 63 Pi: 3.040000 
Round: 63 Pi: 3.041533 
Round: 63 Pi: 3.043062 
Round: 63 Pi: 3.038217 
Round: 63 Pi: 3.039746 
Round: 63 Pi: 3.034921 
Round: 64 Pi: 3.036450 
Round: 64 Pi: 3.037975 
Round: 64 Pi: 3.039495 
Round: 64 Pi: 3.034700 
Round: 64 Pi: 3.036221 
Round: 64 Pi: 3.037736 
Round: 64 Pi: 3.039247 
Round: 64 Pi: 3.040752 
Round: 64 Pi: 3.042253 
Round: 64 Pi: 3.037500 
Round: 65 Pi: 3.039001 
Round: 65 Pi: 3.040498 
Round: 65 Pi: 3.041991 
Round: 65 Pi: 3.043478 
Round: 65 Pi: 3.038760 
Round: 65 Pi: 3.040248 
Round: 65 Pi: 3.041731 
Round: 65 Pi: 3.037037 
Round: 65 Pi: 3.032357 
Round: 65 Pi: 3.033846 
Round: 66 Pi: 3.035330 
Round: 66 Pi: 3.036810 
Round: 66 Pi: 3.038285 
Round: 66 Pi: 3.039755 
Round: 66 Pi: 3.035115 
Round: 66 Pi: 3.036585 
Round: 66 Pi: 3.038052 
Round: 66 Pi: 3.039514 
Round: 66 Pi: 3.040971 
Round: 66 Pi: 3.042424 
Round: 67 Pi: 3.043873 
Round: 67 Pi: 3.039275 
Round: 67 Pi: 3.040724 
Round: 67 Pi: 3.042169 
Round: 67 Pi: 3.043609 
Round: 67 Pi: 3.045045 
Round: 67 Pi: 3.040480 
Round: 67 Pi: 3.035928 
Round: 67 Pi: 3.031390 
Round: 67 Pi: 3.026866 
Round: 68 Pi: 3.028316 
Round: 68 Pi: 3.029762 
Round: 68 Pi: 3.031204 
Round: 68 Pi: 3.032641 
Round: 68 Pi: 3.034074 
Round: 68 Pi: 3.035503 
Round: 68 Pi: 3.036928 
Round: 68 Pi: 3.038348 
Round: 68 Pi: 3.033873 
Round: 68 Pi: 3.035294 
Round: 69 Pi: 3.036711 
Round: 69 Pi: 3.038123 
Round: 69 Pi: 3.039531 
Round: 69 Pi: 3.040936 
Round: 69 Pi: 3.042336 
Round: 69 Pi: 3.037901 
Round: 69 Pi: 3.033479 
Round: 69 Pi: 3.034884 
Round: 69 Pi: 3.036284 
Round: 69 Pi: 3.031884 
Round: 70 Pi: 3.033285 
Round: 70 Pi: 3.034682 
Round: 70 Pi: 3.036075 
Round: 70 Pi: 3.037464 
Round: 70 Pi: 3.033093 
Round: 70 Pi: 3.028736 
Round: 70 Pi: 3.030129 
Round: 70 Pi: 3.031519 
Round: 70 Pi: 3.032904 
Round: 70 Pi: 3.034286 
Round: 71 Pi: 3.035663 
Round: 71 Pi: 3.037037 
Round: 71 Pi: 3.038407 
Round: 71 Pi: 3.039773 
Round: 71 Pi: 3.041135 
Round: 71 Pi: 3.042493 
Round: 71 Pi: 3.043847 
Round: 71 Pi: 3.045198 
Round: 71 Pi: 3.046544 
Round: 71 Pi: 3.042253 
Round: 72 Pi: 3.043601 
Round: 72 Pi: 3.044944 
Round: 72 Pi: 3.046283 
Round: 72 Pi: 3.042017 
Round: 72 Pi: 3.043357 
Round: 72 Pi: 3.044693 
Round: 72 Pi: 3.046025 
Round: 72 Pi: 3.047354 
Round: 72 Pi: 3.043115 
Round: 72 Pi: 3.038889 
Round: 73 Pi: 3.040222 
Round: 73 Pi: 3.041551 
Round: 73 Pi: 3.042877 
Round: 73 Pi: 3.044199 
Round: 73 Pi: 3.045517 
Round: 73 Pi: 3.046832 
Round: 73 Pi: 3.048143 
Round: 73 Pi: 3.049451 
Round: 73 Pi: 3.045268 
Round: 73 Pi: 3.046575 
Round: 74 Pi: 3.047880 
Round: 74 Pi: 3.049180 
Round: 74 Pi: 3.050478 
Round: 74 Pi: 3.046322 
Round: 74 Pi: 3.042177 
Round: 74 Pi: 3.043478 
Round: 74 Pi: 3.044776 
Round: 74 Pi: 3.046071 
Round: 74 Pi: 3.047361 
Round: 74 Pi: 3.048649 
Round: 75 Pi: 3.049932 
Round: 75 Pi: 3.051213 
Round: 75 Pi: 3.052490 
Round: 75 Pi: 3.053763 
Round: 75 Pi: 3.055033 
Round: 75 Pi: 3.056300 
Round: 75 Pi: 3.057564 
Round: 75 Pi: 3.053476 
Round: 75 Pi: 3.054740 
Round: 75 Pi: 3.050667 
Round: 76 Pi: 3.051931 
Round: 76 Pi: 3.053191 
Round: 76 Pi: 3.054449 
Round: 76 Pi: 3.055703 
Round: 76 Pi: 3.056954 
Round: 76 Pi: 3.052910 
Round: 76 Pi: 3.054161 
Round: 76 Pi: 3.050132 
Round: 76 Pi: 3.051383 
Round: 76 Pi: 3.047369 
Round: 77 Pi: 3.043364 
Round: 77 Pi: 3.044619 
Round: 77 Pi: 3.045871 
Round: 77 Pi: 3.047120 
Round: 77 Pi: 3.048366 
Round: 77 Pi: 3.049608 
Round: 77 Pi: 3.050848 
Round: 77 Pi: 3.052083 
Round: 77 Pi: 3.053316 
Round: 77 Pi: 3.049351 
Round: 78 Pi: 3.045396 
Round: 78 Pi: 3.046632 
Round: 78 Pi: 3.047865 
Round: 78 Pi: 3.049096 
Round: 78 Pi: 3.050323 
Round: 78 Pi: 3.051546 
Round: 78 Pi: 3.052767 
Round: 78 Pi: 3.053985 
Round: 78 Pi: 3.055199 
Round: 78 Pi: 3.056410 
Round: 79 Pi: 3.057618 
Round: 79 Pi: 3.058824 
Round: 79 Pi: 3.060025 
Round: 79 Pi: 3.061224 
Round: 79 Pi: 3.062420 
Round: 79 Pi: 3.063613 
Round: 79 Pi: 3.064803 
Round: 79 Pi: 3.065990 
Round: 79 Pi: 3.067174 
Round: 79 Pi: 3.068354 
Round: 80 Pi: 3.069532 
Round: 80 Pi: 3.070707 
Round: 80 Pi: 3.071879 
Round: 80 Pi: 3.073048 
Round: 80 Pi: 3.074214 
Round: 80 Pi: 3.075377 
Round: 80 Pi: 3.076537 
Round: 80 Pi: 3.077694 
Round: 80 Pi: 3.078849 
Round: 80 Pi: 3.080000 
Round: 81 Pi: 3.081149 
Round: 81 Pi: 3.082294 
Round: 81 Pi: 3.083437 
Round: 81 Pi: 3.079602 
Round: 81 Pi: 3.080745 
Round: 81 Pi: 3.081886 
Round: 81 Pi: 3.083024 
Round: 81 Pi: 3.084158 
Round: 81 Pi: 3.085290 
Round: 81 Pi: 3.086420 
Round: 82 Pi: 3.087546 
Round: 82 Pi: 3.088670 
Round: 82 Pi: 3.089791 
Round: 82 Pi: 3.090909 
Round: 82 Pi: 3.092025 
Round: 82 Pi: 3.093137 
Round: 82 Pi: 3.094247 
Round: 82 Pi: 3.095355 
Round: 82 Pi: 3.096459 
Round: 82 Pi: 3.097561 
Round: 83 Pi: 3.093788 
Round: 83 Pi: 3.094891 
Round: 83 Pi: 3.095990 
Round: 83 Pi: 3.097087 
Round: 83 Pi: 3.098182 
Round: 83 Pi: 3.094431 
Round: 83 Pi: 3.095526 
Round: 83 Pi: 3.096618 
Round: 83 Pi: 3.097708 
Round: 83 Pi: 3.098795 
Round: 84 Pi: 3.099880 
Round: 84 Pi: 3.100961 
Round: 84 Pi: 3.097239 
Round: 84 Pi: 3.098321 
Round: 84 Pi: 3.099401 
Round: 84 Pi: 3.100478 
Round: 84 Pi: 3.101553 
Round: 84 Pi: 3.102625 
Round: 84 Pi: 3.103695 
Round: 84 Pi: 3.104762 
Round: 85 Pi: 3.105826 
Round: 85 Pi: 3.106888 
Round: 85 Pi: 3.103203 
Round: 85 Pi: 3.099526 
Round: 85 Pi: 3.100592 
Round: 85 Pi: 3.101655 
Round: 85 Pi: 3.102715 
Round: 85 Pi: 3.103774 
Round: 85 Pi: 3.100118 
Round: 85 Pi: 3.101177 
Round: 86 Pi: 3.102233 
Round: 86 Pi: 3.103286 
Round: 86 Pi: 3.104338 
Round: 86 Pi: 3.105386 
Round: 86 Pi: 3.106433 
Round: 86 Pi: 3.107477 
Round: 86 Pi: 3.103851 
Round: 86 Pi: 3.104895 
Round: 86 Pi: 3.101280 
Round: 86 Pi: 3.102326 
Round: 87 Pi: 3.103368 
Round: 87 Pi: 3.099768 
Round: 87 Pi: 3.100811 
Round: 87 Pi: 3.101852 
Round: 87 Pi: 3.102890 
Round: 87 Pi: 3.103926 
Round: 87 Pi: 3.100346 
Round: 87 Pi: 3.101382 
Round: 87 Pi: 3.102417 
Round: 87 Pi: 3.103448 
Round: 88 Pi: 3.104478 
Round: 88 Pi: 3.105505 
Round: 88 Pi: 3.101947 
Round: 88 Pi: 3.102975 
Round: 88 Pi: 3.104000 
Round: 88 Pi: 3.105023 
Round: 88 Pi: 3.106043 
Round: 88 Pi: 3.107061 
Round: 88 Pi: 3.108077 
Round: 88 Pi: 3.109091 
Round: 89 Pi: 3.105562 
Round: 89 Pi: 3.106576 
Round: 89 Pi: 3.107588 
Round: 89 Pi: 3.104072 
Round: 89 Pi: 3.105085 
Round: 89 Pi: 3.106095 
Round: 89 Pi: 3.102593 
Round: 89 Pi: 3.103604 
Round: 89 Pi: 3.104612 
Round: 89 Pi: 3.105618 
Round: 90 Pi: 3.106622 
Round: 90 Pi: 3.103139 
Round: 90 Pi: 3.104143 
Round: 90 Pi: 3.105145 
Round: 90 Pi: 3.106145 
Round: 90 Pi: 3.107143 
Round: 90 Pi: 3.103679 
Round: 90 Pi: 3.104677 
Round: 90 Pi: 3.101223 
Round: 90 Pi: 3.102222 
Round: 91 Pi: 3.103219 
Round: 91 Pi: 3.104213 
Round: 91 Pi: 3.105205 
Round: 91 Pi: 3.106195 
Round: 91 Pi: 3.102762 
Round: 91 Pi: 3.103753 
Round: 91 Pi: 3.104741 
Round: 91 Pi: 3.105727 
Round: 91 Pi: 3.106711 
Round: 91 Pi: 3.103297 
Round: 92 Pi: 3.104281 
Round: 92 Pi: 3.105263 
Round: 92 Pi: 3.106243 
Round: 92 Pi: 3.107221 
Round: 92 Pi: 3.108197 
Round: 92 Pi: 3.104804 
Round: 92 Pi: 3.105780 
Round: 92 Pi: 3.106754 
Round: 92 Pi: 3.107726 
Round: 92 Pi: 3.104348 
Round: 93 Pi: 3.105320 
Round: 93 Pi: 3.106291 
Round: 93 Pi: 3.102925 
Round: 93 Pi: 3.103896 
Round: 93 Pi: 3.104865 
Round: 93 Pi: 3.101512 
Round: 93 Pi: 3.102481 
Round: 93 Pi: 3.103448 
Round: 93 Pi: 3.104413 
Round: 93 Pi: 3.101075 
Round: 94 Pi: 3.102041 
Round: 94 Pi: 3.103004 
Round: 94 Pi: 3.103966 
Round: 94 Pi: 3.100642 
Round: 94 Pi: 3.101604 
Round: 94 Pi: 3.102564 
Round: 94 Pi: 3.103522 
Round: 94 Pi: 3.100213 
Round: 94 Pi: 3.101171 
Round: 94 Pi: 3.102128 
Round: 95 Pi: 3.098831 
Round: 95 Pi: 3.095541 
Round: 95 Pi: 3.096501 
Round: 95 Pi: 3.097458 
Round: 95 Pi: 3.098413 
Round: 95 Pi: 3.095137 
Round: 95 Pi: 3.096093 
Round: 95 Pi: 3.097046 
Round: 95 Pi: 3.093783 
Round: 95 Pi: 3.094737 
Round: 96 Pi: 3.095689 
Round: 96 Pi: 3.096639 
Round: 96 Pi: 3.097587 
Round: 96 Pi: 3.098532 
Round: 96 Pi: 3.099476 
Round: 96 Pi: 3.100418 
Round: 96 Pi: 3.097179 
Round: 96 Pi: 3.098121 
Round: 96 Pi: 3.099061 
Round: 96 Pi: 3.100000 
Round: 97 Pi: 3.100936 
Round: 97 Pi: 3.101871 
Round: 97 Pi: 3.102804 
Round: 97 Pi: 3.103734 
Round: 97 Pi: 3.104663 
Round: 97 Pi: 3.105590 
Round: 97 Pi: 3.106515 
Round: 97 Pi: 3.107438 
Round: 97 Pi: 3.108359 
Round: 97 Pi: 3.109278 
Round: 98 Pi: 3.106076 
Round: 98 Pi: 3.102881 
Round: 98 Pi: 3.103803 
Round: 98 Pi: 3.104723 
Round: 98 Pi: 3.105641 
Round: 98 Pi: 3.106557 
Round: 98 Pi: 3.107472 
Round: 98 Pi: 3.108384 
Round: 98 Pi: 3.109295 
Round: 98 Pi: 3.110204 
Round: 99 Pi: 3.111111 
Round: 99 Pi: 3.112016 
Round: 99 Pi: 3.112920 
Round: 99 Pi: 3.113821 
Round: 99 Pi: 3.114721 
Round: 99 Pi: 3.115619 
Round: 99 Pi: 3.116515 
Round: 99 Pi: 3.117409 
Round: 99 Pi: 3.118301 
Round: 99 Pi: 3.119192 
Round: 100 Pi: 3.116044 
Round: 100 Pi: 3.112903 
Round: 100 Pi: 3.109768 
Round: 100 Pi: 3.106640 
Round: 100 Pi: 3.103518 
Round: 100 Pi: 3.104418 
Round: 100 Pi: 3.101304 
Round: 100 Pi: 3.102204 
Round: 100 Pi: 3.103103 
Round: 100 Pi: 3.104000 
time taken: 0.000514s 

============================
 Job utilisation efficiency
============================

Job ID: 28104968
Cluster: viking2.yor.alces.network
User/Group: lj1219/clusterusers
State: COMPLETED (exit code 0)
Cores: 1
CPU Utilized: 00:00:01
CPU Efficiency: 100.00% of 00:00:01 core-walltime
Job Wall-clock time: 00:00:01
Memory Utilized: 3.61 MB
Memory Efficiency: 0.35% of 1.00 GB
 Requested wall clock time: 00:15:00
    Actual wall clock time: 00:00:01
Wall clock time efficiency: 0.1%
           Job queued time: 00:00:04
