allexport      	off
braceexpand    	on
emacs          	off
errexit        	on
errtrace       	off
functrace      	off
hashall        	on
histexpand     	off
history        	off
ignoreeof      	off
interactive-comments	on
keyword        	off
monitor        	off
noclobber      	off
noexec         	off
noglob         	off
nolog          	off
notify         	off
nounset        	on
onecmd         	off
physical       	off
pipefail       	off
posix          	off
privileged     	off
verbose        	off
vi             	off
xtrace         	off
Heated Plate calculation

 MEAN = 58.263773
Heated Plate calculation
Rank 0 start and end: 0, 125, requires (M x N): (200 x 126)
  Spatial grid of 200 by 126 points.
  The iteration will be repeated until the change is <= 0.000010

 MEAN = 58.263773
Heated Plate calculation

 MEAN = 58.263773
Heated Plate calculation

 MEAN = 58.263773
Heated Plate calculation

 MEAN = 58.263773
Heated Plate calculation

 MEAN = 58.263773
Heated Plate calculation

 MEAN = 58.263773
Heated Plate calculation

 MEAN = 58.263773
      1000  25382135514052728297911643282975649027824427522030929094679499139604097654481126931933740828261481563214092401173562090933900732047814979050704660953097829266507175865920812836459272145062791135011364353403382600831676612802699069841473536.000000
      2000  25382135514052728297911643282975649027824427522030929094679499139604097654481126931933740828261481563214092401173562090933900732047814979050704660953097829266507175865920812836459272145062791135011364353403382600831676612802699069841473536.000000
      3000  25382135514052728297911643282975649027824427522030929094679499139604097654481126931933740828261481563214092401173562090933900732047814979050704660953097829266507175865920812836459272145062791135011364353403382600831676612802699069841473536.000000
      4000  25382135514052728297911643282975649027824427522030929094679499139604097654481126931933740828261481563214092401173562090933900732047814979050704660953097829266507175865920812836459272145062791135011364353403382600831676612802699069841473536.000000
      5000  25382135514052728297911643282975649027824427522030929094679499139604097654481126931933740828261481563214092401173562090933900732047814979050704660953097829266507175865920812836459272145062791135011364353403382600831676612802699069841473536.000000
      6000  25382135514052728297911643282975649027824427522030929094679499139604097654481126931933740828261481563214092401173562090933900732047814979050704660953097829266507175865920812836459272145062791135011364353403382600831676612802699069841473536.000000
      7000  25382135514052728297911643282975649027824427522030929094679499139604097654481126931933740828261481563214092401173562090933900732047814979050704660953097829266507175865920812836459272145062791135011364353403382600831676612802699069841473536.000000
      8000  25382135514052728297911643282975649027824427522030929094679499139604097654481126931933740828261481563214092401173562090933900732047814979050704660953097829266507175865920812836459272145062791135011364353403382600831676612802699069841473536.000000
      9000  25382135514052728297911643282975649027824427522030929094679499139604097654481126931933740828261481563214092401173562090933900732047814979050704660953097829266507175865920812836459272145062791135011364353403382600831676612802699069841473536.000000
     10000  25382135514052728297911643282975649027824427522030929094679499139604097654481126931933740828261481563214092401173562090933900732047814979050704660953097829266507175865920812836459272145062791135011364353403382600831676612802699069841473536.000000
     11000  25382135514052728297911643282975649027824427522030929094679499139604097654481126931933740828261481563214092401173562090933900732047814979050704660953097829266507175865920812836459272145062791135011364353403382600831676612802699069841473536.000000
     12000  25382135514052728297911643282975649027824427522030929094679499139604097654481126931933740828261481563214092401173562090933900732047814979050704660953097829266507175865920812836459272145062791135011364353403382600831676612802699069841473536.000000
     13000  25382135514052728297911643282975649027824427522030929094679499139604097654481126931933740828261481563214092401173562090933900732047814979050704660953097829266507175865920812836459272145062791135011364353403382600831676612802699069841473536.000000
     14000  25382135514052728297911643282975649027824427522030929094679499139604097654481126931933740828261481563214092401173562090933900732047814979050704660953097829266507175865920812836459272145062791135011364353403382600831676612802699069841473536.000000
     15000  25382135514052728297911643282975649027824427522030929094679499139604097654481126931933740828261481563214092401173562090933900732047814979050704660953097829266507175865920812836459272145062791135011364353403382600831676612802699069841473536.000000
     16000  25382135514052728297911643282975649027824427522030929094679499139604097654481126931933740828261481563214092401173562090933900732047814979050704660953097829266507175865920812836459272145062791135011364353403382600831676612802699069841473536.000000
     17000  25382135514052728297911643282975649027824427522030929094679499139604097654481126931933740828261481563214092401173562090933900732047814979050704660953097829266507175865920812836459272145062791135011364353403382600831676612802699069841473536.000000
     18000  25382135514052728297911643282975649027824427522030929094679499139604097654481126931933740828261481563214092401173562090933900732047814979050704660953097829266507175865920812836459272145062791135011364353403382600831676612802699069841473536.000000
     19000  25382135514052728297911643282975649027824427522030929094679499139604097654481126931933740828261481563214092401173562090933900732047814979050704660953097829266507175865920812836459272145062791135011364353403382600831676612802699069841473536.000000
     20000  25382135514052728297911643282975649027824427522030929094679499139604097654481126931933740828261481563214092401173562090933900732047814979050704660953097829266507175865920812836459272145062791135011364353403382600831676612802699069841473536.000000
     21000  25382135514052728297911643282975649027824427522030929094679499139604097654481126931933740828261481563214092401173562090933900732047814979050704660953097829266507175865920812836459272145062791135011364353403382600831676612802699069841473536.000000
     22000  25382135514052728297911643282975649027824427522030929094679499139604097654481126931933740828261481563214092401173562090933900732047814979050704660953097829266507175865920812836459272145062791135011364353403382600831676612802699069841473536.000000
     23000  25382135514052728297911643282975649027824427522030929094679499139604097654481126931933740828261481563214092401173562090933900732047814979050704660953097829266507175865920812836459272145062791135011364353403382600831676612802699069841473536.000000
     24000  25382135514052728297911643282975649027824427522030929094679499139604097654481126931933740828261481563214092401173562090933900732047814979050704660953097829266507175865920812836459272145062791135011364353403382600831676612802699069841473536.000000
     25000  25382135514052728297911643282975649027824427522030929094679499139604097654481126931933740828261481563214092401173562090933900732047814979050704660953097829266507175865920812836459272145062791135011364353403382600831676612802699069841473536.000000
     26000  25382135514052728297911643282975649027824427522030929094679499139604097654481126931933740828261481563214092401173562090933900732047814979050704660953097829266507175865920812836459272145062791135011364353403382600831676612802699069841473536.000000
     27000  25382135514052728297911643282975649027824427522030929094679499139604097654481126931933740828261481563214092401173562090933900732047814979050704660953097829266507175865920812836459272145062791135011364353403382600831676612802699069841473536.000000
     28000  25382135514052728297911643282975649027824427522030929094679499139604097654481126931933740828261481563214092401173562090933900732047814979050704660953097829266507175865920812836459272145062791135011364353403382600831676612802699069841473536.000000
     29000  25382135514052728297911643282975649027824427522030929094679499139604097654481126931933740828261481563214092401173562090933900732047814979050704660953097829266507175865920812836459272145062791135011364353403382600831676612802699069841473536.000000
     30000  25382135514052728297911643282975649027824427522030929094679499139604097654481126931933740828261481563214092401173562090933900732047814979050704660953097829266507175865920812836459272145062791135011364353403382600831676612802699069841473536.000000
     31000  25382135514052728297911643282975649027824427522030929094679499139604097654481126931933740828261481563214092401173562090933900732047814979050704660953097829266507175865920812836459272145062791135011364353403382600831676612802699069841473536.000000
     32000  25382135514052728297911643282975649027824427522030929094679499139604097654481126931933740828261481563214092401173562090933900732047814979050704660953097829266507175865920812836459272145062791135011364353403382600831676612802699069841473536.000000
     33000  25382135514052728297911643282975649027824427522030929094679499139604097654481126931933740828261481563214092401173562090933900732047814979050704660953097829266507175865920812836459272145062791135011364353403382600831676612802699069841473536.000000
     34000  25382135514052728297911643282975649027824427522030929094679499139604097654481126931933740828261481563214092401173562090933900732047814979050704660953097829266507175865920812836459272145062791135011364353403382600831676612802699069841473536.000000
     35000  25382135514052728297911643282975649027824427522030929094679499139604097654481126931933740828261481563214092401173562090933900732047814979050704660953097829266507175865920812836459272145062791135011364353403382600831676612802699069841473536.000000
     36000  25382135514052728297911643282975649027824427522030929094679499139604097654481126931933740828261481563214092401173562090933900732047814979050704660953097829266507175865920812836459272145062791135011364353403382600831676612802699069841473536.000000
     37000  25382135514052728297911643282975649027824427522030929094679499139604097654481126931933740828261481563214092401173562090933900732047814979050704660953097829266507175865920812836459272145062791135011364353403382600831676612802699069841473536.000000
     38000  25382135514052728297911643282975649027824427522030929094679499139604097654481126931933740828261481563214092401173562090933900732047814979050704660953097829266507175865920812836459272145062791135011364353403382600831676612802699069841473536.000000
     39000  25382135514052728297911643282975649027824427522030929094679499139604097654481126931933740828261481563214092401173562090933900732047814979050704660953097829266507175865920812836459272145062791135011364353403382600831676612802699069841473536.000000
     40000  25382135514052728297911643282975649027824427522030929094679499139604097654481126931933740828261481563214092401173562090933900732047814979050704660953097829266507175865920812836459272145062791135011364353403382600831676612802699069841473536.000000
     41000  25382135514052728297911643282975649027824427522030929094679499139604097654481126931933740828261481563214092401173562090933900732047814979050704660953097829266507175865920812836459272145062791135011364353403382600831676612802699069841473536.000000
     42000  25382135514052728297911643282975649027824427522030929094679499139604097654481126931933740828261481563214092401173562090933900732047814979050704660953097829266507175865920812836459272145062791135011364353403382600831676612802699069841473536.000000
     43000  25382135514052728297911643282975649027824427522030929094679499139604097654481126931933740828261481563214092401173562090933900732047814979050704660953097829266507175865920812836459272145062791135011364353403382600831676612802699069841473536.000000
     44000  25382135514052728297911643282975649027824427522030929094679499139604097654481126931933740828261481563214092401173562090933900732047814979050704660953097829266507175865920812836459272145062791135011364353403382600831676612802699069841473536.000000
     45000  25382135514052728297911643282975649027824427522030929094679499139604097654481126931933740828261481563214092401173562090933900732047814979050704660953097829266507175865920812836459272145062791135011364353403382600831676612802699069841473536.000000
     46000  25382135514052728297911643282975649027824427522030929094679499139604097654481126931933740828261481563214092401173562090933900732047814979050704660953097829266507175865920812836459272145062791135011364353403382600831676612802699069841473536.000000
     47000  25382135514052728297911643282975649027824427522030929094679499139604097654481126931933740828261481563214092401173562090933900732047814979050704660953097829266507175865920812836459272145062791135011364353403382600831676612802699069841473536.000000
     48000  25382135514052728297911643282975649027824427522030929094679499139604097654481126931933740828261481563214092401173562090933900732047814979050704660953097829266507175865920812836459272145062791135011364353403382600831676612802699069841473536.000000
     49000  25382135514052728297911643282975649027824427522030929094679499139604097654481126931933740828261481563214092401173562090933900732047814979050704660953097829266507175865920812836459272145062791135011364353403382600831676612802699069841473536.000000
     50000  25382135514052728297911643282975649027824427522030929094679499139604097654481126931933740828261481563214092401173562090933900732047814979050704660953097829266507175865920812836459272145062791135011364353403382600831676612802699069841473536.000000

============================
 Job utilisation efficiency
============================

Job ID: 28149941
Cluster: viking2.yor.alces.network
User/Group: lj1219/clusterusers
State: CANCELLED (exit code 0)
Nodes: 1
Cores per node: 8
CPU Utilized: 00:00:01
CPU Efficiency: 0.37% of 00:04:32 core-walltime
Job Wall-clock time: 00:00:34
Memory Utilized: 212.55 MB
Memory Efficiency: 4.43% of 4.69 GB
 Requested wall clock time: 00:15:00
    Actual wall clock time: 00:00:34
Wall clock time efficiency: 3.8%
           Job queued time: 00:00:22
